2026-03-30T12:48:24.248744Z  INFO tailwindcss_oxide::scanner: Provided sources:
2026-03-30T12:48:24.248821Z  INFO tailwindcss_oxide::scanner: Source: PublicSourceEntry { base: "H:\\sistema_turnos", pattern: "**/*", negated: false }
2026-03-30T12:48:24.248982Z  INFO tailwindcss_oxide::scanner: Optimized sources:
2026-03-30T12:48:24.248993Z  INFO tailwindcss_oxide::scanner: Source: Auto { base: "H:\\sistema_turnos" }
2026-03-30T12:48:24.250527Z  INFO discover_sources: tailwindcss_oxide::scanner: enter
2026-03-30T12:48:24.250565Z  INFO discover_sources:walk_synchronous: tailwindcss_oxide::scanner: enter
2026-03-30T12:48:24.254953Z  INFO discover_sources:walk_synchronous: tailwindcss_oxide::scanner: exit
2026-03-30T12:48:24.263801Z  INFO tailwindcss_oxide::scanner: Reading "H:\\sistema_turnos\\src\\app\\actions\\appointments.ts"
2026-03-30T12:48:24.263811Z  INFO tailwindcss_oxide::scanner: Reading "H:\\sistema_turnos\\eslint.config.mjs"
2026-03-30T12:48:24.263817Z  INFO tailwindcss_oxide::scanner: Reading "H:\\sistema_turnos\\src\\app\\(auth)\\login\\page.tsx"
2026-03-30T12:48:24.263852Z  INFO tailwindcss_oxide::scanner: Reading "H:\\sistema_turnos\\src\\app\\(dashboard)\\admin\\staff\\page.tsx"
2026-03-30T12:48:24.263881Z  INFO tailwindcss_oxide::scanner: Reading "H:\\sistema_turnos\\src\\app\\(dashboard)\\admin\\appointments\\AppointmentsTable.tsx"
2026-03-30T12:48:24.263889Z  INFO tailwindcss_oxide::scanner: Reading "H:\\sistema_turnos\\src\\app\\actions\\auth.ts"
2026-03-30T12:48:24.263908Z  INFO tailwindcss_oxide::scanner: Reading "H:\\sistema_turnos\\src\\app\\(dashboard)\\admin\\staff\\StaffClient.tsx"
2026-03-30T12:48:24.263922Z  INFO tailwindcss_oxide::scanner: Reading "H:\\sistema_turnos\\src\\app\\(dashboard)\\admin\\appointments\\page.tsx"
2026-03-30T12:48:24.263934Z  INFO tailwindcss_oxide::scanner: Reading "H:\\sistema_turnos\\src\\app\\actions\\services.ts"
2026-03-30T12:48:24.263950Z  INFO tailwindcss_oxide::scanner: Reading "H:\\sistema_turnos\\src\\app\\(dashboard)\\client\\book\\page.tsx"
2026-03-30T12:48:24.263962Z  INFO tailwindcss_oxide::scanner: Reading "H:\\sistema_turnos\\src\\app\\(dashboard)\\admin\\page.tsx"
2026-03-30T12:48:24.263973Z  INFO tailwindcss_oxide::scanner: Reading "H:\\sistema_turnos\\src\\app\\actions\\staff.ts"
2026-03-30T12:48:24.263970Z  INFO tailwindcss_oxide::scanner: Reading "H:\\sistema_turnos\\public\\file.svg"
2026-03-30T12:48:24.263989Z  INFO tailwindcss_oxide::scanner: Reading "H:\\sistema_turnos\\src\\app\\(dashboard)\\client\\page.tsx"
2026-03-30T12:48:24.263999Z  INFO tailwindcss_oxide::scanner: Reading "H:\\sistema_turnos\\src\\app\\(dashboard)\\admin\\services\\page.tsx"
2026-03-30T12:48:24.264010Z  INFO tailwindcss_oxide::scanner: Reading "H:\\sistema_turnos\\src\\app\\api\\auth\\[...nextauth]\\route.ts"
2026-03-30T12:48:24.264026Z  INFO tailwindcss_oxide::scanner: Reading "H:\\sistema_turnos\\src\\app\\(dashboard)\\layout.tsx"
2026-03-30T12:48:24.264037Z  INFO tailwindcss_oxide::scanner: Reading "H:\\sistema_turnos\\src\\app\\(dashboard)\\admin\\services\\ServicesClient.tsx"
2026-03-30T12:48:24.264050Z  INFO tailwindcss_oxide::scanner: Reading "H:\\sistema_turnos\\src\\app\\layout.tsx"
2026-03-30T12:48:24.264059Z  INFO tailwindcss_oxide::scanner: Reading "H:\\sistema_turnos\\src\\app\\(dashboard)\\staff\\page.tsx"
2026-03-30T12:48:24.264089Z  INFO tailwindcss_oxide::scanner: Reading "H:\\sistema_turnos\\src\\app\\page.tsx"
2026-03-30T12:48:24.264096Z  INFO tailwindcss_oxide::scanner: Reading "H:\\sistema_turnos\\src\\components\\dashboard\\sidebar.tsx"
2026-03-30T12:48:24.264103Z  INFO tailwindcss_oxide::scanner: Reading "H:\\sistema_turnos\\postcss.config.mjs"
2026-03-30T12:48:24.264129Z  INFO tailwindcss_oxide::scanner: Reading "H:\\sistema_turnos\\src\\app\\register-business\\page.tsx"
2026-03-30T12:48:24.264130Z  INFO tailwindcss_oxide::scanner: Reading "H:\\sistema_turnos\\src\\components\\dashboard\\stats-card.tsx"
2026-03-30T12:48:24.264155Z  INFO tailwindcss_oxide::scanner: Reading "H:\\sistema_turnos\\prisma\\schema.prisma"
2026-03-30T12:48:24.264155Z  INFO tailwindcss_oxide::scanner: Reading "H:\\sistema_turnos\\src\\app\\reserva\\[slug]\\page.tsx"
2026-03-30T12:48:24.264190Z  INFO tailwindcss_oxide::scanner: Reading "H:\\sistema_turnos\\src\\app\\reserva\\[slug]\\BookingClient.tsx"
2026-03-30T12:48:24.264160Z  INFO tailwindcss_oxide::scanner: Reading "H:\\sistema_turnos\\public\\globe.svg"
2026-03-30T12:48:24.264165Z  INFO tailwindcss_oxide::scanner: Reading "H:\\sistema_turnos\\src\\components\\providers.tsx"
2026-03-30T12:48:24.264198Z  INFO tailwindcss_oxide::scanner: Reading "H:\\sistema_turnos\\prisma\\seed.ts"
2026-03-30T12:48:24.264230Z  INFO tailwindcss_oxide::scanner: Reading "H:\\sistema_turnos\\src\\lib\\prisma.ts"
2026-03-30T12:48:24.264240Z  INFO tailwindcss_oxide::scanner: Reading "H:\\sistema_turnos\\src\\components\\dashboard\\chart.tsx"
2026-03-30T12:48:24.264242Z  INFO tailwindcss_oxide::scanner: Reading "H:\\sistema_turnos\\src\\components\\theme-provider.tsx"
2026-03-30T12:48:24.264245Z  INFO tailwindcss_oxide::scanner: Reading "H:\\sistema_turnos\\src\\middleware.ts"
2026-03-30T12:48:24.264269Z  INFO tailwindcss_oxide::scanner: Reading "H:\\sistema_turnos\\src\\lib\\utils.ts"
2026-03-30T12:48:24.264281Z  INFO tailwindcss_oxide::scanner: Reading "H:\\sistema_turnos\\src\\components\\dashboard\\header.tsx"
2026-03-30T12:48:24.264286Z  INFO tailwindcss_oxide::scanner: Reading "H:\\sistema_turnos\\src\\types\\next-auth.d.ts"
2026-03-30T12:48:24.264288Z  INFO tailwindcss_oxide::scanner: Reading "H:\\sistema_turnos\\src\\components\\theme-toggle.tsx"
2026-03-30T12:48:24.264303Z  INFO tailwindcss_oxide::scanner: Reading "H:\\sistema_turnos\\src\\lib\\validations.ts"
2026-03-30T12:48:24.264321Z  INFO tailwindcss_oxide::scanner: Reading "H:\\sistema_turnos\\tsconfig.json"
2026-03-30T12:48:24.264321Z  INFO tailwindcss_oxide::scanner: Reading "H:\\sistema_turnos\\next.config.ts"
2026-03-30T12:48:24.264330Z  INFO tailwindcss_oxide::scanner: Reading "H:\\sistema_turnos\\src\\lib\\availability.ts"
2026-03-30T12:48:24.264348Z  INFO tailwindcss_oxide::scanner: Reading "H:\\sistema_turnos\\public\\vercel.svg"
2026-03-30T12:48:24.264372Z  INFO tailwindcss_oxide::scanner: Reading "H:\\sistema_turnos\\public\\window.svg"
2026-03-30T12:48:24.264364Z  INFO tailwindcss_oxide::scanner: Reading "H:\\sistema_turnos\\public\\next.svg"
2026-03-30T12:48:24.264417Z  INFO tailwindcss_oxide::scanner: Reading "H:\\sistema_turnos\\package.json"
2026-03-30T12:48:24.264476Z  INFO tailwindcss_oxide::scanner: Reading "H:\\sistema_turnos\\README.md"
2026-03-30T12:48:24.264738Z  INFO discover_sources: tailwindcss_oxide::scanner: exit
2026-03-30T12:48:24.264749Z  INFO extract_candidates: tailwindcss_oxide::scanner: enter
2026-03-30T12:48:24.264752Z  INFO extract_candidates:parse_all_blobs: tailwindcss_oxide::scanner: enter
2026-03-30T12:48:24.264757Z  INFO extract_candidates:parse_all_blobs:extract: tailwindcss_oxide::scanner: enter
2026-03-30T12:48:24.267735Z  INFO extract_candidates:parse_all_blobs:extract: tailwindcss_oxide::scanner: exit
2026-03-30T12:48:24.267786Z  INFO extract_candidates:parse_all_blobs: tailwindcss_oxide::scanner: exit
2026-03-30T12:48:24.267801Z  INFO extract_candidates:read_all_files: tailwindcss_oxide::scanner: enter
2026-03-30T12:48:24.267804Z  INFO extract_candidates:read_all_files: tailwindcss_oxide::scanner: Reading 1 file(s)
2026-03-30T12:48:24.267939Z  INFO extract_candidates:read_all_files: tailwindcss_oxide::scanner: Reading "H:\\sistema_turnos\\src\\app\\globals.css"
2026-03-30T12:48:24.267951Z  INFO extract_candidates:read_all_files: tailwindcss_oxide::scanner: exit
2026-03-30T12:48:24.267965Z  INFO extract_candidates:extract_css_variables: tailwindcss_oxide::scanner: enter
2026-03-30T12:48:24.267968Z  INFO extract_candidates:extract_css_variables:extract: tailwindcss_oxide::scanner: enter
2026-03-30T12:48:24.268033Z  INFO extract_candidates:extract_css_variables:extract: tailwindcss_oxide::scanner: exit
2026-03-30T12:48:24.268041Z  INFO extract_candidates:extract_css_variables: tailwindcss_oxide::scanner: exit
2026-03-30T12:48:24.268270Z  INFO extract_candidates: tailwindcss_oxide::scanner: exit
2026-03-30T12:48:24.268819Z  INFO get_files: tailwindcss_oxide::scanner: enter
2026-03-30T12:48:24.268831Z  INFO get_files:discover_sources: tailwindcss_oxide::scanner: enter
2026-03-30T12:48:24.268834Z  INFO get_files:discover_sources: tailwindcss_oxide::scanner: exit
2026-03-30T12:48:24.268887Z  INFO get_files: tailwindcss_oxide::scanner: exit
2026-03-30T12:48:24.269093Z  INFO get_globs: tailwindcss_oxide::scanner: enter
2026-03-30T12:48:24.269096Z  INFO get_globs:discover_sources: tailwindcss_oxide::scanner: enter
2026-03-30T12:48:24.269098Z  INFO get_globs:discover_sources: tailwindcss_oxide::scanner: exit
2026-03-30T12:48:24.272703Z  INFO get_globs: tailwindcss_oxide::scanner: exit
